<?xml version="1.0" encoding="UTF-8"?>
<testsuite name="com.weather.restservice.WeatherResourceTest" tests="1" skipped="0" failures="0" errors="0" timestamp="2021-05-08T05:50:10" hostname="HP" time="1.144">
  <properties/>
  <testcase name="paramGreetingShouldReturnTailoredMessage()" classname="com.weather.restservice.WeatherResourceTest" time="1.144"/>
  <system-out><![CDATA[15:50:06.220 [Test worker] DEBUG org.springframework.test.context.BootstrapUtils - Instantiating CacheAwareContextLoaderDelegate from class [org.springframework.test.context.cache.DefaultCacheAwareContextLoaderDelegate]
15:50:06.239 [Test worker] DEBUG org.springframework.test.context.BootstrapUtils - Instantiating BootstrapContext using constructor [public org.springframework.test.context.support.DefaultBootstrapContext(java.lang.Class,org.springframework.test.context.CacheAwareContextLoaderDelegate)]
15:50:06.297 [Test worker] DEBUG org.springframework.test.context.BootstrapUtils - Instantiating TestContextBootstrapper for test class [com.weather.restservice.WeatherResourceTest] from class [org.springframework.boot.test.context.SpringBootTestContextBootstrapper]
15:50:06.315 [Test worker] INFO org.springframework.boot.test.context.SpringBootTestContextBootstrapper - Neither @ContextConfiguration nor @ContextHierarchy found for test class [com.weather.restservice.WeatherResourceTest], using SpringBootContextLoader
15:50:06.322 [Test worker] DEBUG org.springframework.test.context.support.AbstractContextLoader - Did not detect default resource location for test class [com.weather.restservice.WeatherResourceTest]: class path resource [com/weather/restservice/WeatherResourceTest-context.xml] does not exist
15:50:06.322 [Test worker] DEBUG org.springframework.test.context.support.AbstractContextLoader - Did not detect default resource location for test class [com.weather.restservice.WeatherResourceTest]: class path resource [com/weather/restservice/WeatherResourceTestContext.groovy] does not exist
15:50:06.323 [Test worker] INFO org.springframework.test.context.support.AbstractContextLoader - Could not detect default resource locations for test class [com.weather.restservice.WeatherResourceTest]: no resource found for suffixes {-context.xml, Context.groovy}.
15:50:06.324 [Test worker] INFO org.springframework.test.context.support.AnnotationConfigContextLoaderUtils - Could not detect default configuration classes for test class [com.weather.restservice.WeatherResourceTest]: WeatherResourceTest does not declare any static, non-private, non-final, nested classes annotated with @Configuration.
15:50:06.413 [Test worker] DEBUG org.springframework.test.context.support.ActiveProfilesUtils - Could not find an 'annotation declaring class' for annotation type [org.springframework.test.context.ActiveProfiles] and class [com.weather.restservice.WeatherResourceTest]
15:50:06.515 [Test worker] DEBUG org.springframework.context.annotation.ClassPathScanningCandidateComponentProvider - Identified candidate component class: file [C:\kalyani_tech\weather-rest\complete\build\classes\java\main\com\weather\restservice\RestServiceApplication.class]
15:50:06.535 [Test worker] INFO org.springframework.boot.test.context.SpringBootTestContextBootstrapper - Found @SpringBootConfiguration com.weather.restservice.RestServiceApplication for test class com.weather.restservice.WeatherResourceTest
15:50:06.696 [Test worker] DEBUG org.springframework.boot.test.context.SpringBootTestContextBootstrapper - @TestExecutionListeners is not present for class [com.weather.restservice.WeatherResourceTest]: using defaults.
15:50:06.698 [Test worker] INFO org.springframework.boot.test.context.SpringBootTestContextBootstrapper - Loaded default TestExecutionListener class names from location [META-INF/spring.factories]: [org.springframework.boot.test.autoconfigure.restdocs.RestDocsTestExecutionListener, org.springframework.boot.test.autoconfigure.web.client.MockRestServiceServerResetTestExecutionListener, org.springframework.boot.test.autoconfigure.web.servlet.MockMvcPrintOnlyOnFailureTestExecutionListener, org.springframework.boot.test.autoconfigure.web.servlet.WebDriverTestExecutionListener, org.springframework.boot.test.autoconfigure.webservices.client.MockWebServiceServerTestExecutionListener, org.springframework.boot.test.mock.mockito.MockitoTestExecutionListener, org.springframework.boot.test.mock.mockito.ResetMocksTestExecutionListener, org.springframework.test.context.web.ServletTestExecutionListener, org.springframework.test.context.support.DirtiesContextBeforeModesTestExecutionListener, org.springframework.test.context.event.ApplicationEventsTestExecutionListener, org.springframework.test.context.support.DependencyInjectionTestExecutionListener, org.springframework.test.context.support.DirtiesContextTestExecutionListener, org.springframework.test.context.transaction.TransactionalTestExecutionListener, org.springframework.test.context.jdbc.SqlScriptsTestExecutionListener, org.springframework.test.context.event.EventPublishingTestExecutionListener]
15:50:06.720 [Test worker] DEBUG org.springframework.boot.test.context.SpringBootTestContextBootstrapper - Skipping candidate TestExecutionListener [org.springframework.test.context.transaction.TransactionalTestExecutionListener] due to a missing dependency. Specify custom listener classes or make the default listener classes and their required dependencies available. Offending class: [org/springframework/transaction/interceptor/TransactionAttributeSource]
15:50:06.722 [Test worker] DEBUG org.springframework.boot.test.context.SpringBootTestContextBootstrapper - Skipping candidate TestExecutionListener [org.springframework.test.context.jdbc.SqlScriptsTestExecutionListener] due to a missing dependency. Specify custom listener classes or make the default listener classes and their required dependencies available. Offending class: [org/springframework/transaction/interceptor/TransactionAttribute]
15:50:06.725 [Test worker] INFO org.springframework.boot.test.context.SpringBootTestContextBootstrapper - Using TestExecutionListeners: [org.springframework.test.context.web.ServletTestExecutionListener@7dbc2b12, org.springframework.test.context.support.DirtiesContextBeforeModesTestExecutionListener@62219aee, org.springframework.test.context.event.ApplicationEventsTestExecutionListener@5871ff7d, org.springframework.boot.test.mock.mockito.MockitoTestExecutionListener@139c6370, org.springframework.boot.test.autoconfigure.SpringBootDependencyInjectionTestExecutionListener@f643eaa, org.springframework.test.context.support.DirtiesContextTestExecutionListener@617c2342, org.springframework.test.context.event.EventPublishingTestExecutionListener@36a1a207, org.springframework.boot.test.autoconfigure.restdocs.RestDocsTestExecutionListener@46d6d040, org.springframework.boot.test.autoconfigure.web.client.MockRestServiceServerResetTestExecutionListener@6869275e, org.springframework.boot.test.autoconfigure.web.servlet.MockMvcPrintOnlyOnFailureTestExecutionListener@680f7f22, org.springframework.boot.test.autoconfigure.web.servlet.WebDriverTestExecutionListener@530559be, org.springframework.boot.test.autoconfigure.webservices.client.MockWebServiceServerTestExecutionListener@23a1c74e, org.springframework.boot.test.mock.mockito.ResetMocksTestExecutionListener@2d347b3]
15:50:06.734 [Test worker] DEBUG org.springframework.test.context.support.AbstractDirtiesContextTestExecutionListener - Before test class: context [DefaultTestContext@2cd0d073 testClass = WeatherResourceTest, testInstance = [null], testMethod = [null], testException = [null], mergedContextConfiguration = [WebMergedContextConfiguration@3458af6c testClass = WeatherResourceTest, locations = '{}', classes = '{class com.weather.restservice.RestServiceApplication}', contextInitializerClasses = '[]', activeProfiles = '{}', propertySourceLocations = '{}', propertySourceProperties = '{org.springframework.boot.test.context.SpringBootTestContextBootstrapper=true}', contextCustomizers = set[org.springframework.boot.test.autoconfigure.actuate.metrics.MetricsExportContextCustomizerFactory$DisableMetricExportContextCustomizer@459972f7, org.springframework.boot.test.autoconfigure.properties.PropertyMappingContextCustomizer@4b3fa0b3, org.springframework.boot.test.autoconfigure.web.servlet.WebDriverContextCustomizerFactory$Customizer@4a109e0b, [ImportsContextCustomizer@2e6e0fd1 key = [org.springframework.boot.test.autoconfigure.web.servlet.MockMvcAutoConfiguration, org.springframework.boot.test.autoconfigure.web.servlet.MockMvcWebClientAutoConfiguration, org.springframework.boot.test.autoconfigure.web.servlet.MockMvcWebDriverAutoConfiguration, org.springframework.boot.autoconfigure.security.oauth2.client.servlet.OAuth2ClientAutoConfiguration, org.springframework.boot.autoconfigure.security.oauth2.resource.servlet.OAuth2ResourceServerAutoConfiguration, org.springframework.boot.autoconfigure.security.servlet.SecurityAutoConfiguration, org.springframework.boot.autoconfigure.security.servlet.SecurityFilterAutoConfiguration, org.springframework.boot.autoconfigure.security.servlet.UserDetailsServiceAutoConfiguration, org.springframework.boot.test.autoconfigure.web.servlet.MockMvcSecurityConfiguration]], org.springframework.boot.test.context.filter.ExcludeFilterContextCustomizer@2749d0ab, org.springframework.boot.test.json.DuplicateJsonObjectContextCustomizerFactory$DuplicateJsonObjectContextCustomizer@48195006, org.springframework.boot.test.mock.mockito.MockitoContextCustomizer@0, org.springframework.boot.test.web.client.TestRestTemplateContextCustomizer@642ff706, org.springframework.boot.test.context.SpringBootTestArgs@1, org.springframework.boot.test.context.SpringBootTestWebEnvironment@52ffb3f4], resourceBasePath = 'src/main/webapp', contextLoader = 'org.springframework.boot.test.context.SpringBootContextLoader', parent = [null]], attributes = map['org.springframework.test.context.web.ServletTestExecutionListener.activateListener' -> true]], class annotated with @DirtiesContext [false] with mode [null].
15:50:06.810 [Test worker] DEBUG org.springframework.test.context.support.TestPropertySourceUtils - Adding inlined properties to environment: {spring.jmx.enabled=false, org.springframework.boot.test.context.SpringBootTestContextBootstrapper=true}

  .   ____          _            __ _ _
 /\\ / ___'_ __ _ _(_)_ __  __ _ \ \ \ \
( ( )\___ | '_ | '_| | '_ \/ _` | \ \ \ \
 \\/  ___)| |_)| | | | | || (_| |  ) ) ) )
  '  |____| .__|_| |_|_| |_\__, | / / / /
 =========|_|==============|___/=/_/_/_/
 :: Spring Boot ::                (v2.4.3)

2021-05-08 15:50:07.402  INFO 17412 --- [    Test worker] c.w.restservice.WeatherResourceTest      : Starting WeatherResourceTest using Java 1.8.0_171 on hp with PID 17412 (started by Kalyani in C:\kalyani_tech\weather-rest\complete)
2021-05-08 15:50:07.411  INFO 17412 --- [    Test worker] c.w.restservice.WeatherResourceTest      : No active profile set, falling back to default profiles: default
2021-05-08 15:50:09.807  INFO 17412 --- [    Test worker] o.s.s.concurrent.ThreadPoolTaskExecutor  : Initializing ExecutorService 'applicationTaskExecutor'
2021-05-08 15:50:10.504  INFO 17412 --- [    Test worker] o.s.b.t.m.w.SpringBootMockServletContext : Initializing Spring TestDispatcherServlet ''
2021-05-08 15:50:10.504  INFO 17412 --- [    Test worker] o.s.t.web.servlet.TestDispatcherServlet  : Initializing Servlet ''
2021-05-08 15:50:10.507  INFO 17412 --- [    Test worker] o.s.t.web.servlet.TestDispatcherServlet  : Completed initialization in 3 ms
2021-05-08 15:50:10.586  INFO 17412 --- [    Test worker] c.w.restservice.WeatherResourceTest      : Started WeatherResourceTest in 3.761 seconds (JVM running for 5.864)
body is *************overcast clouds***********
2021-05-08 15:50:11.738  INFO 17412 --- [    Test worker] com.weather.restservice.WeatherResource  : Response:<200,com.weather.model.Response@5909c166,[Server:"openresty", Date:"Sat, 08 May 2021 05:50:19 GMT", Content-Type:"application/json; charset=utf-8", Content-Length:"492", Connection:"keep-alive", X-Cache-Key:"/data/2.5/weather?%7BAPPID%7D=&%7Bq%7D=&APPID=aca1f18f643dcf6ad96f4e5d922b7dd7&q=sydney,%20au", Access-Control-Allow-Origin:"*", Access-Control-Allow-Credentials:"true", Access-Control-Allow-Methods:"GET, POST"]>

MockHttpServletRequest:
      HTTP Method = GET
      Request URI = /weather
       Parameters = {cityId=[Sydney, AU], appId=[aca1f18f643dcf6ad96f4e5d922b7dd7]}
          Headers = []
             Body = null
    Session Attrs = {}

Handler:
             Type = com.weather.restservice.WeatherResource
           Method = com.weather.restservice.WeatherResource#weather(String, String)

Async:
    Async started = false
     Async result = null

Resolved Exception:
             Type = null

ModelAndView:
        View name = null
             View = null
            Model = null

FlashMap:
       Attributes = null

MockHttpServletResponse:
           Status = 200
    Error message = null
          Headers = [Content-Type:"application/vnd.api+json", Content-Length:"15"]
     Content type = application/vnd.api+json
             Body = overcast clouds
    Forwarded URL = null
   Redirected URL = null
          Cookies = []
]]></system-out>
  <system-err><![CDATA[]]></system-err>
</testsuite>
